2023-05-09 11:44:54.061  INFO 113787 --- [restartedMain] b.c.h.msclientes.MsclientesApplication   : Starting MsclientesApplication using Java 17.0.7 on HelberDev with PID 113787 (/home/helber/workspace/MicroServices/MsClientes/msclientes/target/classes started by helber in /home/helber/workspace/MicroServices/MsClientes)
2023-05-09 11:44:54.062  INFO 113787 --- [restartedMain] b.c.h.msclientes.MsclientesApplication   : No active profile set, falling back to 1 default profile: "default"
2023-05-09 11:44:54.086  INFO 113787 --- [restartedMain] .e.DevToolsPropertyDefaultsPostProcessor : Devtools property defaults active! Set 'spring.devtools.add-properties' to 'false' to disable
2023-05-09 11:44:54.086  INFO 113787 --- [restartedMain] .e.DevToolsPropertyDefaultsPostProcessor : For additional web related logging consider setting the 'logging.level.web' property to 'DEBUG'
2023-05-09 11:44:54.572  INFO 113787 --- [restartedMain] .s.d.r.c.RepositoryConfigurationDelegate : Bootstrapping Spring Data JPA repositories in DEFAULT mode.
2023-05-09 11:44:54.639  INFO 113787 --- [restartedMain] .s.d.r.c.RepositoryConfigurationDelegate : Finished Spring Data repository scanning in 63 ms. Found 1 JPA repository interfaces.
2023-05-09 11:44:54.758  INFO 113787 --- [restartedMain] o.s.cloud.context.scope.GenericScope     : BeanFactory id=11acb10a-0d3c-336d-9a7e-fb4fd28ded08
2023-05-09 11:44:55.085  INFO 113787 --- [restartedMain] o.s.b.w.embedded.tomcat.TomcatWebServer  : Tomcat initialized with port(s): 0 (http)
2023-05-09 11:44:55.090  INFO 113787 --- [restartedMain] o.apache.catalina.core.StandardService   : Starting service [Tomcat]
2023-05-09 11:44:55.091  INFO 113787 --- [restartedMain] org.apache.catalina.core.StandardEngine  : Starting Servlet engine: [Apache Tomcat/9.0.62]
2023-05-09 11:44:55.129  INFO 113787 --- [restartedMain] o.a.c.c.C.[Tomcat].[localhost].[/]       : Initializing Spring embedded WebApplicationContext
2023-05-09 11:44:55.129  INFO 113787 --- [restartedMain] w.s.c.ServletWebServerApplicationContext : Root WebApplicationContext: initialization completed in 1042 ms
2023-05-09 11:44:55.187  INFO 113787 --- [restartedMain] com.zaxxer.hikari.HikariDataSource       : HikariPool-1 - Starting...
2023-05-09 11:44:55.278  INFO 113787 --- [restartedMain] com.zaxxer.hikari.HikariDataSource       : HikariPool-1 - Start completed.
2023-05-09 11:44:55.283  INFO 113787 --- [restartedMain] o.s.b.a.h2.H2ConsoleAutoConfiguration    : H2 console available at '/h2-console'. Database available at 'jdbc:h2:mem:a8816b95-6f04-448a-bae1-47b7b1c5c2a1'
2023-05-09 11:44:55.388  INFO 113787 --- [restartedMain] o.hibernate.jpa.internal.util.LogHelper  : HHH000204: Processing PersistenceUnitInfo [name: default]
2023-05-09 11:44:55.413  INFO 113787 --- [restartedMain] org.hibernate.Version                    : HHH000412: Hibernate ORM core version 5.6.8.Final
2023-05-09 11:44:55.486  INFO 113787 --- [restartedMain] o.hibernate.annotations.common.Version   : HCANN000001: Hibernate Commons Annotations {5.1.2.Final}
2023-05-09 11:44:55.552  INFO 113787 --- [restartedMain] org.hibernate.dialect.Dialect            : HHH000400: Using dialect: org.hibernate.dialect.H2Dialect
2023-05-09 11:44:55.817  INFO 113787 --- [restartedMain] o.h.e.t.j.p.i.JtaPlatformInitiator       : HHH000490: Using JtaPlatform implementation: [org.hibernate.engine.transaction.jta.platform.internal.NoJtaPlatform]
2023-05-09 11:44:55.821  INFO 113787 --- [restartedMain] j.LocalContainerEntityManagerFactoryBean : Initialized JPA EntityManagerFactory for persistence unit 'default'
2023-05-09 11:44:56.018  WARN 113787 --- [restartedMain] JpaBaseConfiguration$JpaWebConfiguration : spring.jpa.open-in-view is enabled by default. Therefore, database queries may be performed during view rendering. Explicitly configure spring.jpa.open-in-view to disable this warning
2023-05-09 11:44:56.380  INFO 113787 --- [restartedMain] o.s.b.d.a.OptionalLiveReloadServer       : LiveReload server is running on port 35729
2023-05-09 11:44:56.414  INFO 113787 --- [restartedMain] DiscoveryClientOptionalArgsConfiguration : Eureka HTTP Client uses RestTemplate.
2023-05-09 11:44:56.450  WARN 113787 --- [restartedMain] iguration$LoadBalancerCaffeineWarnLogger : Spring Cloud LoadBalancer is currently working with the default cache. While this cache implementation is useful for development and tests, it's recommended to use Caffeine cache in production.You can switch to using Caffeine cache, by adding it and org.springframework.cache.caffeine.CaffeineCacheManager to the classpath.
2023-05-09 11:44:56.453  INFO 113787 --- [restartedMain] o.s.b.a.e.web.EndpointLinksResolver      : Exposing 1 endpoint(s) beneath base path '/actuator'
2023-05-09 11:44:56.496  INFO 113787 --- [restartedMain] o.s.b.w.embedded.tomcat.TomcatWebServer  : Tomcat started on port(s): 42343 (http) with context path ''
2023-05-09 11:44:56.498  INFO 113787 --- [restartedMain] .s.c.n.e.s.EurekaAutoServiceRegistration : Updating port to 42343
2023-05-09 11:44:56.502  INFO 113787 --- [restartedMain] o.s.c.n.eureka.InstanceInfoFactory       : Setting initial instance status as: STARTING
2023-05-09 11:44:56.526  INFO 113787 --- [restartedMain] com.netflix.discovery.DiscoveryClient    : Initializing Eureka in region us-east-1
2023-05-09 11:44:56.529  INFO 113787 --- [restartedMain] c.n.d.s.r.aws.ConfigClusterResolver      : Resolving eureka endpoints via configuration
2023-05-09 11:44:56.549  INFO 113787 --- [restartedMain] com.netflix.discovery.DiscoveryClient    : Disable delta property : false
2023-05-09 11:44:56.549  INFO 113787 --- [restartedMain] com.netflix.discovery.DiscoveryClient    : Single vip registry refresh property : null
2023-05-09 11:44:56.549  INFO 113787 --- [restartedMain] com.netflix.discovery.DiscoveryClient    : Force full registry fetch : false
2023-05-09 11:44:56.549  INFO 113787 --- [restartedMain] com.netflix.discovery.DiscoveryClient    : Application is null : false
2023-05-09 11:44:56.549  INFO 113787 --- [restartedMain] com.netflix.discovery.DiscoveryClient    : Registered Applications size is zero : true
2023-05-09 11:44:56.549  INFO 113787 --- [restartedMain] com.netflix.discovery.DiscoveryClient    : Application version is -1: true
2023-05-09 11:44:56.549  INFO 113787 --- [restartedMain] com.netflix.discovery.DiscoveryClient    : Getting all instance registry info from the eureka server
2023-05-09 11:44:56.730  INFO 113787 --- [restartedMain] com.netflix.discovery.DiscoveryClient    : The response status is 200
2023-05-09 11:44:56.732  INFO 113787 --- [restartedMain] com.netflix.discovery.DiscoveryClient    : Starting heartbeat executor: renew interval is: 30
2023-05-09 11:44:56.735  INFO 113787 --- [restartedMain] c.n.discovery.InstanceInfoReplicator     : InstanceInfoReplicator onDemand update allowed rate per min is 4
2023-05-09 11:44:56.738  INFO 113787 --- [restartedMain] com.netflix.discovery.DiscoveryClient    : Discovery Client initialized at timestamp 1683643496738 with initial instances count: 0
2023-05-09 11:44:56.740  INFO 113787 --- [restartedMain] o.s.c.n.e.s.EurekaServiceRegistry        : Registering application MSCLIENTES with eureka with status UP
2023-05-09 11:44:56.740  INFO 113787 --- [restartedMain] com.netflix.discovery.DiscoveryClient    : Saw local status change event StatusChangeEvent [timestamp=1683643496740, current=UP, previous=STARTING]
2023-05-09 11:44:56.741  INFO 113787 --- [DiscoveryClient-InstanceInfoReplicator-0] com.netflix.discovery.DiscoveryClient    : DiscoveryClient_MSCLIENTES/msclientes:657b950ca8186192c1a10ac8f1f9373d: registering service...
2023-05-09 11:44:56.759  INFO 113787 --- [DiscoveryClient-InstanceInfoReplicator-0] com.netflix.discovery.DiscoveryClient    : DiscoveryClient_MSCLIENTES/msclientes:657b950ca8186192c1a10ac8f1f9373d - registration status: 204
2023-05-09 11:44:56.780  INFO 113787 --- [restartedMain] b.c.h.msclientes.MsclientesApplication   : Started MsclientesApplication in 2.989 seconds (JVM running for 3.391)
2023-05-09 11:44:57.036  INFO 113787 --- [RMI TCP Connection(2)-127.0.0.1] o.a.c.c.C.[Tomcat].[localhost].[/]       : Initializing Spring DispatcherServlet 'dispatcherServlet'
2023-05-09 11:44:57.036  INFO 113787 --- [RMI TCP Connection(2)-127.0.0.1] o.s.web.servlet.DispatcherServlet        : Initializing Servlet 'dispatcherServlet'
2023-05-09 11:44:57.038  INFO 113787 --- [RMI TCP Connection(2)-127.0.0.1] o.s.web.servlet.DispatcherServlet        : Completed initialization in 2 ms
2023-05-09 11:45:26.732  INFO 113787 --- [DiscoveryClient-CacheRefreshExecutor-0] com.netflix.discovery.DiscoveryClient    : Disable delta property : false
2023-05-09 11:45:26.733  INFO 113787 --- [DiscoveryClient-CacheRefreshExecutor-0] com.netflix.discovery.DiscoveryClient    : Single vip registry refresh property : null
2023-05-09 11:45:26.733  INFO 113787 --- [DiscoveryClient-CacheRefreshExecutor-0] com.netflix.discovery.DiscoveryClient    : Force full registry fetch : false
2023-05-09 11:45:26.733  INFO 113787 --- [DiscoveryClient-CacheRefreshExecutor-0] com.netflix.discovery.DiscoveryClient    : Application is null : false
2023-05-09 11:45:26.733  INFO 113787 --- [DiscoveryClient-CacheRefreshExecutor-0] com.netflix.discovery.DiscoveryClient    : Registered Applications size is zero : true
2023-05-09 11:45:26.733  INFO 113787 --- [DiscoveryClient-CacheRefreshExecutor-0] com.netflix.discovery.DiscoveryClient    : Application version is -1: false
2023-05-09 11:45:26.733  INFO 113787 --- [DiscoveryClient-CacheRefreshExecutor-0] com.netflix.discovery.DiscoveryClient    : Getting all instance registry info from the eureka server
2023-05-09 11:45:26.741  INFO 113787 --- [DiscoveryClient-CacheRefreshExecutor-0] com.netflix.discovery.DiscoveryClient    : The response status is 200
